<?xml version="1.0" encoding="UTF-8"?>
<testng-results skipped="0" failed="0" ignored="0" total="1" passed="1">
  <reporter-output>
  </reporter-output>
  <suite name="Smoke test suit" duration-ms="653904" started-at="2024-03-19T16:43:47 BDT" finished-at="2024-03-19T16:54:41 BDT">
    <groups>
    </groups>
    <test name="YourTest" duration-ms="653904" started-at="2024-03-19T16:43:47 BDT" finished-at="2024-03-19T16:54:41 BDT">
      <class name="Automate.Pages.TestCases.TC001GuestWelcomeScreen">
        <test-method status="PASS" signature="setupDriver()[pri:0, instance:Automate.Pages.TestCases.TC001GuestWelcomeScreen@6536e911]" name="setupDriver" is-config="true" duration-ms="9015" started-at="2024-03-19T16:43:47 BDT" finished-at="2024-03-19T16:43:56 BDT">
          <reporter-output>
          </reporter-output>
        </test-method> <!-- setupDriver -->
        <test-method status="PASS" signature="screenVerification()[pri:0, instance:Automate.Pages.TestCases.TC001GuestWelcomeScreen@6536e911]" name="screenVerification" duration-ms="644003" started-at="2024-03-19T16:43:56 BDT" finished-at="2024-03-19T16:54:40 BDT">
          <reporter-output>
          </reporter-output>
        </test-method> <!-- screenVerification -->
        <test-method status="PASS" signature="testCaseTearDown()[pri:0, instance:Automate.Pages.TestCases.TC001GuestWelcomeScreen@6536e911]" name="testCaseTearDown" is-config="true" duration-ms="739" started-at="2024-03-19T16:54:40 BDT" finished-at="2024-03-19T16:54:41 BDT">
          <reporter-output>
          </reporter-output>
        </test-method> <!-- testCaseTearDown -->
      </class> <!-- Automate.Pages.TestCases.TC001GuestWelcomeScreen -->
    </test> <!-- YourTest -->
  </suite> <!-- Smoke test suit -->
</testng-results>
